0 info it worked if it ends with ok
1 verbose cli [ 'C:\\Program Files\\nodejs\\\\node.exe',
1 verbose cli   'C:\\Program Files\\nodejs\\node_modules\\npm\\bin\\npm-cli.js',
1 verbose cli   'install',
1 verbose cli   '-g',
1 verbose cli   'yoeman' ]
2 info using npm@1.4.28
3 info using node@v0.10.33
4 verbose node symlink C:\Program Files\nodejs\\node.exe
5 verbose cache add [ 'yoeman', null ]
6 verbose cache add name=undefined spec="yoeman" args=["yoeman",null]
7 verbose parsed url { protocol: null,
7 verbose parsed url   slashes: null,
7 verbose parsed url   auth: null,
7 verbose parsed url   host: null,
7 verbose parsed url   port: null,
7 verbose parsed url   hostname: null,
7 verbose parsed url   hash: null,
7 verbose parsed url   search: null,
7 verbose parsed url   query: null,
7 verbose parsed url   pathname: 'yoeman',
7 verbose parsed url   path: 'yoeman',
7 verbose parsed url   href: 'yoeman' }
8 silly lockFile 7e41b429-yoeman yoeman
9 verbose lock yoeman C:\Users\Payden\AppData\Roaming\npm-cache\7e41b429-yoeman.lock
10 silly lockFile 7e41b429-yoeman yoeman
11 silly lockFile 7e41b429-yoeman yoeman
12 verbose addNamed [ 'yoeman', '' ]
13 verbose addNamed [ null, '*' ]
14 silly lockFile 4063d795-yoeman yoeman@
15 verbose lock yoeman@ C:\Users\Payden\AppData\Roaming\npm-cache\4063d795-yoeman.lock
16 silly addNameRange { name: 'yoeman', range: '*', hasData: false }
17 verbose request where is /yoeman
18 verbose request registry https://registry.npmjs.org/
19 verbose request id 6713f9662f2faf8c
20 verbose url raw /yoeman
21 verbose url resolving [ 'https://registry.npmjs.org/', './yoeman' ]
22 verbose url resolved https://registry.npmjs.org/yoeman
23 verbose request where is https://registry.npmjs.org/yoeman
24 info trying registry request attempt 1 at 23:44:11
25 http GET https://registry.npmjs.org/yoeman
26 http 404 https://registry.npmjs.org/yoeman
27 verbose headers { date: 'Tue, 24 Feb 2015 04:44:02 GMT',
27 verbose headers   server: 'CouchDB/1.5.0 (Erlang OTP/R16B03)',
27 verbose headers   'content-type': 'application/json',
27 verbose headers   'cache-control': 'max-age=0',
27 verbose headers   'content-length': '52',
27 verbose headers   'accept-ranges': 'bytes',
27 verbose headers   via: '1.1 varnish',
27 verbose headers   age: '0',
27 verbose headers   'x-served-by': 'cache-iad2133-IAD',
27 verbose headers   'x-cache': 'MISS',
27 verbose headers   'x-cache-hits': '0',
27 verbose headers   'x-timer': 'S1424753042.021663,VS0,VE52',
27 verbose headers   'keep-alive': 'timeout=10, max=50',
27 verbose headers   connection: 'Keep-Alive' }
28 silly registry.get cb [ 404,
28 silly registry.get   { date: 'Tue, 24 Feb 2015 04:44:02 GMT',
28 silly registry.get     server: 'CouchDB/1.5.0 (Erlang OTP/R16B03)',
28 silly registry.get     'content-type': 'application/json',
28 silly registry.get     'cache-control': 'max-age=0',
28 silly registry.get     'content-length': '52',
28 silly registry.get     'accept-ranges': 'bytes',
28 silly registry.get     via: '1.1 varnish',
28 silly registry.get     age: '0',
28 silly registry.get     'x-served-by': 'cache-iad2133-IAD',
28 silly registry.get     'x-cache': 'MISS',
28 silly registry.get     'x-cache-hits': '0',
28 silly registry.get     'x-timer': 'S1424753042.021663,VS0,VE52',
28 silly registry.get     'keep-alive': 'timeout=10, max=50',
28 silly registry.get     connection: 'Keep-Alive' } ]
29 silly lockFile 4063d795-yoeman yoeman@
30 silly lockFile 4063d795-yoeman yoeman@
31 error 404 404 Not Found: yoeman
31 error 404
31 error 404 'yoeman' is not in the npm registry.
31 error 404 You should bug the author to publish it
31 error 404
31 error 404 Note that you can also install from a
31 error 404 tarball, folder, or http url, or git url.
32 error System Windows_NT 6.2.9200
33 error command "C:\\Program Files\\nodejs\\\\node.exe" "C:\\Program Files\\nodejs\\node_modules\\npm\\bin\\npm-cli.js" "install" "-g" "yoeman"
34 error cwd F:\rest_hack
35 error node -v v0.10.33
36 error npm -v 1.4.28
37 error code E404
38 verbose exit [ 1, true ]
